2020-05-11 13:20:40.470  INFO 4932 --- [main] s.Springboot06MybatisApplication         : Starting Springboot06MybatisApplication on DESKTOP-O8KB4KR with PID 4932 (F:\IdeaProjects\SpringBootAndroid\target\classes started by hewso in F:\IdeaProjects\SpringBootAndroid)
2020-05-11 13:20:40.532  INFO 4932 --- [main] s.Springboot06MybatisApplication         : No active profile set, falling back to default profiles: default
2020-05-11 13:20:43.601  INFO 4932 --- [main] o.s.b.w.embedded.tomcat.TomcatWebServer  : Tomcat initialized with port(s): 8080 (http)
2020-05-11 13:20:43.643  INFO 4932 --- [main] o.apache.catalina.core.StandardService   : Starting service [Tomcat]
2020-05-11 13:20:43.644  INFO 4932 --- [main] org.apache.catalina.core.StandardEngine  : Starting Servlet engine: [Apache Tomcat/9.0.30]
2020-05-11 13:20:43.969  INFO 4932 --- [main] o.a.c.c.C.[Tomcat].[localhost].[/]       : Initializing Spring embedded WebApplicationContext
2020-05-11 13:20:44.226  INFO 4932 --- [main] c.a.d.s.b.a.DruidDataSourceAutoConfigure : Init DruidDataSource
2020-05-11 13:20:48.206  INFO 4932 --- [main] com.alibaba.druid.pool.DruidDataSource   : {dataSource-1} inited
2020-05-11 13:20:49.579  INFO 4932 --- [main] o.s.s.concurrent.ThreadPoolTaskExecutor  : Initializing ExecutorService 'applicationTaskExecutor'
2020-05-11 13:20:50.222  INFO 4932 --- [main] o.s.b.w.embedded.tomcat.TomcatWebServer  : Tomcat started on port(s): 8080 (http) with context path ''
2020-05-11 13:20:50.227  INFO 4932 --- [main] s.Springboot06MybatisApplication         : Started Springboot06MybatisApplication in 11.416 seconds (JVM running for 17.806)
2020-05-11 13:21:53.824  INFO 4932 --- [http-nio-8080-exec-2] o.a.c.c.C.[Tomcat].[localhost].[/]       : Initializing Spring DispatcherServlet 'dispatcherServlet'
2020-05-11 13:21:53.947  INFO 4932 --- [http-nio-8080-exec-2] s.Controller.UserController              : c
2020-05-11 13:21:53.960  INFO 4932 --- [http-nio-8080-exec-2] s.Controller.UserController              : SooI8J03tzeVZJA4QItfMw==
2020-05-11 13:21:55.138  INFO 4932 --- [http-nio-8080-exec-1] s.Controller.UserController              : 经纬度：118.08573+24.62394
2020-05-11 13:21:58.129  INFO 4932 --- [http-nio-8080-exec-6] s.Controller.UserController              : Star [Hash = 792294495, starid=null, tUserid=41, tTaskid=69, serialVersionUID=1]
2020-05-11 13:22:00.166  INFO 4932 --- [http-nio-8080-exec-5] s.Controller.UserController              : Star [Hash = 1047390960, starid=null, tUserid=41, tTaskid=69, serialVersionUID=1]
2020-05-11 13:22:04.426  INFO 4932 --- [http-nio-8080-exec-10] s.Controller.UserController              : Star [Hash = 1698096243, starid=null, tUserid=41, tTaskid=69, serialVersionUID=1]
2020-05-11 13:22:44.481  INFO 4932 --- [http-nio-8080-exec-7] s.Controller.UserController              : Star [Hash = 1167282124, starid=null, tUserid=41, tTaskid=69, serialVersionUID=1]
2020-05-11 13:22:49.435  INFO 4932 --- [http-nio-8080-exec-2] s.Controller.UserController              : 经纬度：118.08573+24.62394
2020-05-11 13:22:51.324  INFO 4932 --- [http-nio-8080-exec-6] s.Controller.UserController              : Star [Hash = 1821777223, starid=null, tUserid=41, tTaskid=69, serialVersionUID=1]
2020-05-11 13:23:35.561  INFO 4932 --- [http-nio-8080-exec-3] s.Controller.UserController              : Star [Hash = 745250157, starid=null, tUserid=41, tTaskid=69, serialVersionUID=1]
2020-05-11 13:24:04.475  INFO 4932 --- [http-nio-8080-exec-10] s.Controller.UserController              : Star [Hash = 1875808003, starid=null, tUserid=41, tTaskid=69, serialVersionUID=1]
2020-05-11 13:24:10.273  INFO 4932 --- [http-nio-8080-exec-1] s.Controller.UserController              : 经纬度：118.08573+24.62394
2020-05-11 13:24:29.370  INFO 4932 --- [http-nio-8080-exec-3] s.Controller.UserController              : c
2020-05-11 13:24:29.370  INFO 4932 --- [http-nio-8080-exec-3] s.Controller.UserController              : SooI8J03tzeVZJA4QItfMw==
2020-05-11 13:24:29.872  INFO 4932 --- [http-nio-8080-exec-5] s.Controller.UserController              : 经纬度：118.08573+24.62394
2020-05-11 13:24:41.619  INFO 4932 --- [http-nio-8080-exec-7] s.Controller.UserController              : Star [Hash = 1332421820, starid=null, tUserid=41, tTaskid=69, serialVersionUID=1]
2020-05-11 13:29:08.797  INFO 4932 --- [http-nio-8080-exec-1] s.Controller.UserController              : c
2020-05-11 13:29:08.797  INFO 4932 --- [http-nio-8080-exec-1] s.Controller.UserController              : SooI8J03tzeVZJA4QItfMw==
2020-05-11 13:29:11.636  INFO 4932 --- [http-nio-8080-exec-4] s.Controller.UserController              : 经纬度：118.08573+24.62394
2020-05-11 13:29:28.536  INFO 4932 --- [http-nio-8080-exec-5] s.Controller.UserController              : Star [Hash = 1430738351, starid=null, tUserid=41, tTaskid=69, serialVersionUID=1]
2020-05-11 13:29:31.790  INFO 4932 --- [http-nio-8080-exec-9] s.Controller.UserController              : 经纬度：118.08573+24.62394
2020-05-11 13:29:33.410  INFO 4932 --- [http-nio-8080-exec-7] s.Controller.UserController              : Star [Hash = 1687660049, starid=null, tUserid=41, tTaskid=68, serialVersionUID=1]
2020-05-11 13:29:36.093  INFO 4932 --- [http-nio-8080-exec-2] s.Controller.UserController              : Star [Hash = 348331596, starid=null, tUserid=41, tTaskid=69, serialVersionUID=1]
2020-05-11 13:30:20.022  INFO 4932 --- [http-nio-8080-exec-6] s.Controller.UserController              : Star [Hash = 742722952, starid=null, tUserid=41, tTaskid=69, serialVersionUID=1]
2020-05-11 13:30:21.162  INFO 4932 --- [http-nio-8080-exec-3] s.Controller.UserController              : Star [Hash = 1663511803, starid=null, tUserid=41, tTaskid=69, serialVersionUID=1]
2020-05-11 13:30:23.311  INFO 4932 --- [http-nio-8080-exec-5] s.Controller.UserController              : 经纬度：118.08573+24.62394
2020-05-11 13:30:26.952  INFO 4932 --- [http-nio-8080-exec-7] s.Controller.UserController              : 经纬度：118.08573+24.62394
2020-05-11 14:10:48.146  INFO 4932 --- [http-nio-8080-exec-4] s.Controller.UserController              : c
2020-05-11 14:10:48.163  INFO 4932 --- [http-nio-8080-exec-4] s.Controller.UserController              : SooI8J03tzeVZJA4QItfMw==
2020-05-11 14:10:50.869  INFO 4932 --- [http-nio-8080-exec-3] s.Controller.UserController              : 经纬度：118.08573+24.62394
2020-05-11 14:12:01.194  INFO 4932 --- [http-nio-8080-exec-10] s.Controller.UserController              : c
2020-05-11 14:12:01.195  INFO 4932 --- [http-nio-8080-exec-10] s.Controller.UserController              : SooI8J03tzeVZJA4QItfMw==
2020-05-11 14:12:01.883  INFO 4932 --- [http-nio-8080-exec-7] s.Controller.UserController              : 经纬度：118.08573+24.62394
2020-05-11 14:12:12.413  INFO 4932 --- [http-nio-8080-exec-1] s.Controller.UserController              : 经纬度：118.08573+24.62394
2020-05-11 14:14:02.852  INFO 4932 --- [http-nio-8080-exec-10] s.Controller.UserController              : c
2020-05-11 14:14:02.853  INFO 4932 --- [http-nio-8080-exec-10] s.Controller.UserController              : SooI8J03tzeVZJA4QItfMw==
2020-05-11 14:14:03.461  INFO 4932 --- [http-nio-8080-exec-7] s.Controller.UserController              : 经纬度：118.08573+24.62394
2020-05-11 14:15:04.214  INFO 4932 --- [http-nio-8080-exec-6] s.Controller.UserController              : c
2020-05-11 14:15:04.216  INFO 4932 --- [http-nio-8080-exec-6] s.Controller.UserController              : SooI8J03tzeVZJA4QItfMw==
2020-05-11 14:15:04.802  INFO 4932 --- [http-nio-8080-exec-4] s.Controller.UserController              : 经纬度：118.08573+24.62394
2020-05-11 14:15:13.492  INFO 4932 --- [http-nio-8080-exec-9] s.Controller.UserController              : 经纬度：118.08573+24.62394
2020-05-11 14:15:59.585  INFO 4932 --- [http-nio-8080-exec-2] s.Controller.UserController              : c
2020-05-11 14:15:59.586  INFO 4932 --- [http-nio-8080-exec-2] s.Controller.UserController              : SooI8J03tzeVZJA4QItfMw==
2020-05-11 14:16:00.250  INFO 4932 --- [http-nio-8080-exec-8] s.Controller.UserController              : 经纬度：118.08573+24.62394
2020-05-11 14:37:33.603  INFO 4932 --- [SpringContextShutdownHook] o.s.s.concurrent.ThreadPoolTaskExecutor  : Shutting down ExecutorService 'applicationTaskExecutor'
2020-05-11 14:37:33.892  INFO 4932 --- [SpringContextShutdownHook] com.alibaba.druid.pool.DruidDataSource   : {dataSource-1} closing ...
2020-05-11 14:37:34.020  INFO 4932 --- [SpringContextShutdownHook] com.alibaba.druid.pool.DruidDataSource   : {dataSource-1} closed
2020-05-11 14:45:52.521  INFO 8144 --- [main] s.Springboot06MybatisApplication         : Starting Springboot06MybatisApplication on DESKTOP-O8KB4KR with PID 8144 (F:\IdeaProjects\SpringBootAndroid\target\classes started by hewso in F:\IdeaProjects\SpringBootAndroid)
2020-05-11 14:45:52.581  INFO 8144 --- [main] s.Springboot06MybatisApplication         : No active profile set, falling back to default profiles: default
2020-05-11 14:45:55.612  INFO 8144 --- [main] o.s.b.w.embedded.tomcat.TomcatWebServer  : Tomcat initialized with port(s): 8080 (http)
2020-05-11 14:45:55.654  INFO 8144 --- [main] o.apache.catalina.core.StandardService   : Starting service [Tomcat]
2020-05-11 14:45:55.655  INFO 8144 --- [main] org.apache.catalina.core.StandardEngine  : Starting Servlet engine: [Apache Tomcat/9.0.30]
2020-05-11 14:45:55.874  INFO 8144 --- [main] o.a.c.c.C.[Tomcat].[localhost].[/]       : Initializing Spring embedded WebApplicationContext
2020-05-11 14:45:56.108  INFO 8144 --- [main] c.a.d.s.b.a.DruidDataSourceAutoConfigure : Init DruidDataSource
2020-05-11 14:46:00.353  INFO 8144 --- [main] com.alibaba.druid.pool.DruidDataSource   : {dataSource-1} inited
2020-05-11 14:46:01.472  INFO 8144 --- [main] o.s.s.concurrent.ThreadPoolTaskExecutor  : Initializing ExecutorService 'applicationTaskExecutor'
2020-05-11 14:46:01.961  INFO 8144 --- [main] o.s.b.w.embedded.tomcat.TomcatWebServer  : Tomcat started on port(s): 8080 (http) with context path ''
2020-05-11 14:46:01.965  INFO 8144 --- [main] s.Springboot06MybatisApplication         : Started Springboot06MybatisApplication in 12.918 seconds (JVM running for 16.291)
2020-05-11 14:47:52.240  INFO 8144 --- [http-nio-8080-exec-1] o.a.c.c.C.[Tomcat].[localhost].[/]       : Initializing Spring DispatcherServlet 'dispatcherServlet'
2020-05-11 14:48:01.248 ERROR 8144 --- [http-nio-8080-exec-3] o.a.c.c.C.[.[.[/].[dispatcherServlet]    : Servlet.service() for servlet [dispatcherServlet] in context with path [] threw exception [Request processing failed; nested exception is java.lang.NullPointerException] with root cause

java.lang.NullPointerException: null
	at springboot06mybatis.service.impl.UserServiceImpl.updateMyInfo(UserServiceImpl.java:127) ~[classes/:na]
	at springboot06mybatis.Controller.UserController.updateMyInfo(UserController.java:66) ~[classes/:na]
	at sun.reflect.NativeMethodAccessorImpl.invoke0(Native Method) ~[na:1.8.0_231]
	at sun.reflect.NativeMethodAccessorImpl.invoke(NativeMethodAccessorImpl.java:62) ~[na:1.8.0_231]
	at sun.reflect.DelegatingMethodAccessorImpl.invoke(DelegatingMethodAccessorImpl.java:43) ~[na:1.8.0_231]
	at java.lang.reflect.Method.invoke(Method.java:498) ~[na:1.8.0_231]
	at org.springframework.web.method.support.InvocableHandlerMethod.doInvoke(InvocableHandlerMethod.java:190) ~[spring-web-5.2.3.RELEASE.jar:5.2.3.RELEASE]
	at org.springframework.web.method.support.InvocableHandlerMethod.invokeForRequest(InvocableHandlerMethod.java:138) ~[spring-web-5.2.3.RELEASE.jar:5.2.3.RELEASE]
	at org.springframework.web.servlet.mvc.method.annotation.ServletInvocableHandlerMethod.invokeAndHandle(ServletInvocableHandlerMethod.java:106) ~[spring-webmvc-5.2.3.RELEASE.jar:5.2.3.RELEASE]
	at org.springframework.web.servlet.mvc.method.annotation.RequestMappingHandlerAdapter.invokeHandlerMethod(RequestMappingHandlerAdapter.java:888) ~[spring-webmvc-5.2.3.RELEASE.jar:5.2.3.RELEASE]
	at org.springframework.web.servlet.mvc.method.annotation.RequestMappingHandlerAdapter.handleInternal(RequestMappingHandlerAdapter.java:793) ~[spring-webmvc-5.2.3.RELEASE.jar:5.2.3.RELEASE]
	at org.springframework.web.servlet.mvc.method.AbstractHandlerMethodAdapter.handle(AbstractHandlerMethodAdapter.java:87) ~[spring-webmvc-5.2.3.RELEASE.jar:5.2.3.RELEASE]
	at org.springframework.web.servlet.DispatcherServlet.doDispatch(DispatcherServlet.java:1040) ~[spring-webmvc-5.2.3.RELEASE.jar:5.2.3.RELEASE]
	at org.springframework.web.servlet.DispatcherServlet.doService(DispatcherServlet.java:943) ~[spring-webmvc-5.2.3.RELEASE.jar:5.2.3.RELEASE]
	at org.springframework.web.servlet.FrameworkServlet.processRequest(FrameworkServlet.java:1006) ~[spring-webmvc-5.2.3.RELEASE.jar:5.2.3.RELEASE]
	at org.springframework.web.servlet.FrameworkServlet.doGet(FrameworkServlet.java:898) ~[spring-webmvc-5.2.3.RELEASE.jar:5.2.3.RELEASE]
	at javax.servlet.http.HttpServlet.service(HttpServlet.java:634) ~[tomcat-embed-core-9.0.30.jar:9.0.30]
	at org.springframework.web.servlet.FrameworkServlet.service(FrameworkServlet.java:883) ~[spring-webmvc-5.2.3.RELEASE.jar:5.2.3.RELEASE]
	at javax.servlet.http.HttpServlet.service(HttpServlet.java:741) ~[tomcat-embed-core-9.0.30.jar:9.0.30]
	at org.apache.catalina.core.ApplicationFilterChain.internalDoFilter(ApplicationFilterChain.java:231) ~[tomcat-embed-core-9.0.30.jar:9.0.30]
	at org.apache.catalina.core.ApplicationFilterChain.doFilter(ApplicationFilterChain.java:166) ~[tomcat-embed-core-9.0.30.jar:9.0.30]
	at org.apache.tomcat.websocket.server.WsFilter.doFilter(WsFilter.java:53) ~[tomcat-embed-websocket-9.0.30.jar:9.0.30]
	at org.apache.catalina.core.ApplicationFilterChain.internalDoFilter(ApplicationFilterChain.java:193) ~[tomcat-embed-core-9.0.30.jar:9.0.30]
	at org.apache.catalina.core.ApplicationFilterChain.doFilter(ApplicationFilterChain.java:166) ~[tomcat-embed-core-9.0.30.jar:9.0.30]
	at com.alibaba.druid.support.http.WebStatFilter.doFilter(WebStatFilter.java:124) ~[druid-1.1.17.jar:1.1.17]
	at org.apache.catalina.core.ApplicationFilterChain.internalDoFilter(ApplicationFilterChain.java:193) ~[tomcat-embed-core-9.0.30.jar:9.0.30]
	at org.apache.catalina.core.ApplicationFilterChain.doFilter(ApplicationFilterChain.java:166) ~[tomcat-embed-core-9.0.30.jar:9.0.30]
	at org.springframework.web.filter.RequestContextFilter.doFilterInternal(RequestContextFilter.java:100) ~[spring-web-5.2.3.RELEASE.jar:5.2.3.RELEASE]
	at org.springframework.web.filter.OncePerRequestFilter.doFilter(OncePerRequestFilter.java:119) ~[spring-web-5.2.3.RELEASE.jar:5.2.3.RELEASE]
	at org.apache.catalina.core.ApplicationFilterChain.internalDoFilter(ApplicationFilterChain.java:193) ~[tomcat-embed-core-9.0.30.jar:9.0.30]
	at org.apache.catalina.core.ApplicationFilterChain.doFilter(ApplicationFilterChain.java:166) ~[tomcat-embed-core-9.0.30.jar:9.0.30]
	at org.springframework.web.filter.FormContentFilter.doFilterInternal(FormContentFilter.java:93) ~[spring-web-5.2.3.RELEASE.jar:5.2.3.RELEASE]
	at org.springframework.web.filter.OncePerRequestFilter.doFilter(OncePerRequestFilter.java:119) ~[spring-web-5.2.3.RELEASE.jar:5.2.3.RELEASE]
	at org.apache.catalina.core.ApplicationFilterChain.internalDoFilter(ApplicationFilterChain.java:193) ~[tomcat-embed-core-9.0.30.jar:9.0.30]
	at org.apache.catalina.core.ApplicationFilterChain.doFilter(ApplicationFilterChain.java:166) ~[tomcat-embed-core-9.0.30.jar:9.0.30]
	at org.springframework.web.filter.CharacterEncodingFilter.doFilterInternal(CharacterEncodingFilter.java:201) ~[spring-web-5.2.3.RELEASE.jar:5.2.3.RELEASE]
	at org.springframework.web.filter.OncePerRequestFilter.doFilter(OncePerRequestFilter.java:119) ~[spring-web-5.2.3.RELEASE.jar:5.2.3.RELEASE]
	at org.apache.catalina.core.ApplicationFilterChain.internalDoFilter(ApplicationFilterChain.java:193) ~[tomcat-embed-core-9.0.30.jar:9.0.30]
	at org.apache.catalina.core.ApplicationFilterChain.doFilter(ApplicationFilterChain.java:166) ~[tomcat-embed-core-9.0.30.jar:9.0.30]
	at org.apache.catalina.core.StandardWrapperValve.invoke(StandardWrapperValve.java:202) ~[tomcat-embed-core-9.0.30.jar:9.0.30]
	at org.apache.catalina.core.StandardContextValve.invoke(StandardContextValve.java:96) [tomcat-embed-core-9.0.30.jar:9.0.30]
	at org.apache.catalina.authenticator.AuthenticatorBase.invoke(AuthenticatorBase.java:541) [tomcat-embed-core-9.0.30.jar:9.0.30]
	at org.apache.catalina.core.StandardHostValve.invoke(StandardHostValve.java:139) [tomcat-embed-core-9.0.30.jar:9.0.30]
	at org.apache.catalina.valves.ErrorReportValve.invoke(ErrorReportValve.java:92) [tomcat-embed-core-9.0.30.jar:9.0.30]
	at org.apache.catalina.core.StandardEngineValve.invoke(StandardEngineValve.java:74) [tomcat-embed-core-9.0.30.jar:9.0.30]
	at org.apache.catalina.connector.CoyoteAdapter.service(CoyoteAdapter.java:343) [tomcat-embed-core-9.0.30.jar:9.0.30]
	at org.apache.coyote.http11.Http11Processor.service(Http11Processor.java:367) [tomcat-embed-core-9.0.30.jar:9.0.30]
	at org.apache.coyote.AbstractProcessorLight.process(AbstractProcessorLight.java:65) [tomcat-embed-core-9.0.30.jar:9.0.30]
	at org.apache.coyote.AbstractProtocol$ConnectionHandler.process(AbstractProtocol.java:860) [tomcat-embed-core-9.0.30.jar:9.0.30]
	at org.apache.tomcat.util.net.NioEndpoint$SocketProcessor.doRun(NioEndpoint.java:1598) [tomcat-embed-core-9.0.30.jar:9.0.30]
	at org.apache.tomcat.util.net.SocketProcessorBase.run(SocketProcessorBase.java:49) [tomcat-embed-core-9.0.30.jar:9.0.30]
	at java.util.concurrent.ThreadPoolExecutor.runWorker(ThreadPoolExecutor.java:1149) [na:1.8.0_231]
	at java.util.concurrent.ThreadPoolExecutor$Worker.run(ThreadPoolExecutor.java:624) [na:1.8.0_231]
	at org.apache.tomcat.util.threads.TaskThread$WrappingRunnable.run(TaskThread.java:61) [tomcat-embed-core-9.0.30.jar:9.0.30]
	at java.lang.Thread.run(Thread.java:748) [na:1.8.0_231]

2020-05-11 14:49:36.051  INFO 8144 --- [SpringContextShutdownHook] o.s.s.concurrent.ThreadPoolTaskExecutor  : Shutting down ExecutorService 'applicationTaskExecutor'
2020-05-11 14:49:36.052  INFO 8144 --- [SpringContextShutdownHook] com.alibaba.druid.pool.DruidDataSource   : {dataSource-1} closing ...
2020-05-11 14:49:36.063  INFO 8144 --- [SpringContextShutdownHook] com.alibaba.druid.pool.DruidDataSource   : {dataSource-1} closed
2020-05-11 14:50:28.511  INFO 9200 --- [main] s.Springboot06MybatisApplication         : Starting Springboot06MybatisApplication on DESKTOP-O8KB4KR with PID 9200 (F:\IdeaProjects\SpringBootAndroid\target\classes started by hewso in F:\IdeaProjects\SpringBootAndroid)
2020-05-11 14:50:28.537  INFO 9200 --- [main] s.Springboot06MybatisApplication         : No active profile set, falling back to default profiles: default
2020-05-11 14:50:30.839  INFO 9200 --- [main] o.s.b.w.embedded.tomcat.TomcatWebServer  : Tomcat initialized with port(s): 8080 (http)
2020-05-11 14:50:30.890  INFO 9200 --- [main] o.apache.catalina.core.StandardService   : Starting service [Tomcat]
2020-05-11 14:50:30.891  INFO 9200 --- [main] org.apache.catalina.core.StandardEngine  : Starting Servlet engine: [Apache Tomcat/9.0.30]
2020-05-11 14:50:31.032  INFO 9200 --- [main] o.a.c.c.C.[Tomcat].[localhost].[/]       : Initializing Spring embedded WebApplicationContext
2020-05-11 14:50:31.233  INFO 9200 --- [main] c.a.d.s.b.a.DruidDataSourceAutoConfigure : Init DruidDataSource
2020-05-11 14:50:35.934  INFO 9200 --- [main] com.alibaba.druid.pool.DruidDataSource   : {dataSource-1} inited
2020-05-11 14:50:36.878  INFO 9200 --- [main] o.s.s.concurrent.ThreadPoolTaskExecutor  : Initializing ExecutorService 'applicationTaskExecutor'
2020-05-11 14:50:37.414  INFO 9200 --- [main] o.s.b.w.embedded.tomcat.TomcatWebServer  : Tomcat started on port(s): 8080 (http) with context path ''
2020-05-11 14:50:37.418  INFO 9200 --- [main] s.Springboot06MybatisApplication         : Started Springboot06MybatisApplication in 10.505 seconds (JVM running for 12.874)
2020-05-11 14:50:39.878  INFO 9200 --- [http-nio-8080-exec-1] o.a.c.c.C.[Tomcat].[localhost].[/]       : Initializing Spring DispatcherServlet 'dispatcherServlet'
2020-05-11 14:58:08.657  INFO 9200 --- [http-nio-8080-exec-5] s.Controller.UserController              : c
2020-05-11 14:58:08.679  INFO 9200 --- [http-nio-8080-exec-5] s.Controller.UserController              : SooI8J03tzeVZJA4QItfMw==
2020-05-11 14:58:11.648  INFO 9200 --- [http-nio-8080-exec-6] s.Controller.UserController              : 经纬度：118.08573+24.62394
2020-05-11 15:00:48.737  INFO 9200 --- [http-nio-8080-exec-2] s.Controller.UserController              : c
2020-05-11 15:00:48.772  INFO 9200 --- [http-nio-8080-exec-2] s.Controller.UserController              : SooI8J03tzeVZJA4QItfMw==
2020-05-11 15:00:49.311  INFO 9200 --- [http-nio-8080-exec-1] s.Controller.UserController              : 经纬度：118.08573+24.62394
2020-05-11 15:02:17.117  INFO 9200 --- [http-nio-8080-exec-7] s.Controller.UserController              : c
2020-05-11 15:02:17.118  INFO 9200 --- [http-nio-8080-exec-7] s.Controller.UserController              : SooI8J03tzeVZJA4QItfMw==
2020-05-11 15:02:17.648  INFO 9200 --- [http-nio-8080-exec-8] s.Controller.UserController              : 经纬度：118.08573+24.62394
2020-05-11 15:02:26.225  INFO 9200 --- [http-nio-8080-exec-2] s.Controller.UserController              : 经纬度：118.08573+24.62394
2020-05-11 15:03:37.069  INFO 9200 --- [http-nio-8080-exec-9] s.Controller.UserController              : c
2020-05-11 15:03:37.070  INFO 9200 --- [http-nio-8080-exec-9] s.Controller.UserController              : SooI8J03tzeVZJA4QItfMw==
2020-05-11 15:03:37.570  INFO 9200 --- [http-nio-8080-exec-10] s.Controller.UserController              : 经纬度：118.08573+24.62394
2020-05-11 15:04:18.222  INFO 9200 --- [http-nio-8080-exec-4] s.Controller.UserController              : 经纬度：118.08573+24.62394
2020-05-11 15:05:45.575  INFO 9200 --- [http-nio-8080-exec-6] s.Controller.UserController              : 经纬度：118.08573+24.62394
2020-05-11 15:05:48.819  INFO 9200 --- [http-nio-8080-exec-8] s.Controller.UserController              : 经纬度：118.08573+24.62394
2020-05-11 15:06:56.925  INFO 9200 --- [http-nio-8080-exec-10] s.Controller.UserController              : 41厦门市集美区厦门理工学院图书馆-西门
2020-05-11 15:06:59.537  INFO 9200 --- [http-nio-8080-exec-2] s.Controller.UserController              : 经纬度：118.08573+24.62394
